\BOOKMARK [0][-]{chapter*.2}{\376\377\000A\000b\000s\000t\000r\000a\000c\000t}{}% 1
\BOOKMARK [0][-]{chapter.1}{\376\377\000L\000i\000t\000e\000r\000a\000t\000u\000r\000e\000\040\000R\000e\000v\000i\000e\000w}{}% 2
\BOOKMARK [1][-]{section.1.1}{\376\377\000B\000l\000a\000c\000k\000-\000S\000c\000h\000o\000l\000e\000s\000-\000M\000e\000r\000t\000o\000n}{chapter.1}% 3
\BOOKMARK [2][-]{subsection.1.1.1}{\376\377\000B\000l\000a\000c\000k\000-\000S\000c\000h\000o\000l\000e\000s\000-\000M\000e\000r\000t\000o\000n\000\040\000M\000o\000d\000e\000l}{section.1.1}% 4
\BOOKMARK [1][-]{section.1.2}{\376\377\000H\000e\000s\000t\000o\000n\000\040\000M\000o\000d\000e\000l}{chapter.1}% 5
\BOOKMARK [2][-]{subsection.1.2.1}{\376\377\000H\000y\000p\000o\000t\000h\000e\000s\000e\000s\000\040\000o\000f\000\040\000t\000h\000e\000\040\000H\000e\000s\000t\000o\000n\000\040\000M\000o\000d\000e\000l}{section.1.2}% 6
\BOOKMARK [2][-]{subsection.1.2.2}{\376\377\000D\000y\000n\000a\000m\000i\000c\000s\000\040\000o\000f\000\040\000t\000h\000e\000\040\000H\000e\000s\000t\000o\000n\000\040\000M\000o\000d\000e\000l}{section.1.2}% 7
\BOOKMARK [2][-]{subsection.1.2.3}{\376\377\000C\000l\000o\000s\000e\000d\000-\000F\000o\000r\000m\000\040\000S\000o\000l\000u\000t\000i\000o\000n\000\040\000f\000o\000r\000\040\000E\000u\000r\000o\000p\000e\000a\000n\000\040\000O\000p\000t\000i\000o\000n\000s}{section.1.2}% 8
\BOOKMARK [2][-]{subsection.1.2.4}{\376\377\000C\000a\000l\000i\000b\000r\000a\000t\000i\000o\000n\000\040\000o\000f\000\040\000t\000h\000e\000\040\000H\000e\000s\000t\000o\000n\000\040\000M\000o\000d\000e\000l}{section.1.2}% 9
\BOOKMARK [2][-]{subsection.1.2.5}{\376\377\000A\000d\000v\000a\000n\000t\000a\000g\000e\000s\000\040\000o\000f\000\040\000t\000h\000e\000\040\000H\000e\000s\000t\000o\000n\000\040\000M\000o\000d\000e\000l}{section.1.2}% 10
\BOOKMARK [2][-]{subsection.1.2.6}{\376\377\000L\000i\000m\000i\000t\000a\000t\000i\000o\000n\000s\000\040\000o\000f\000\040\000t\000h\000e\000\040\000H\000e\000s\000t\000o\000n\000\040\000M\000o\000d\000e\000l}{section.1.2}% 11
\BOOKMARK [1][-]{section.1.3}{\376\377\000D\000u\000p\000i\000r\000e}{chapter.1}% 12
\BOOKMARK [2][-]{subsection.1.3.1}{\376\377\000D\000u\000p\000i\000r\000e\000\040\000M\000o\000d\000e\000l}{section.1.3}% 13
\BOOKMARK [1][-]{section.1.4}{\376\377\000S\000A\000B\000R}{chapter.1}% 14
\BOOKMARK [2][-]{subsection.1.4.1}{\376\377\000S\000A\000B\000R\000\040\000M\000o\000d\000e\000l}{section.1.4}% 15
\BOOKMARK [0][-]{chapter.2}{\376\377\000M\000e\000t\000h\000o\000d\000o\000l\000o\000g\000y}{}% 16
\BOOKMARK [1][-]{section.2.1}{\376\377\000D\000a\000t\000a\000\040\000C\000o\000l\000l\000e\000c\000t\000i\000o\000n}{chapter.2}% 17
\BOOKMARK [0][-]{chapter.3}{\376\377\000R\000e\000s\000u\000l\000t\000s}{}% 18
\BOOKMARK [1][-]{section.3.1}{\376\377\000F\000i\000n\000d\000i\000n\000g\000s}{chapter.3}% 19
\BOOKMARK [0][-]{chapter.4}{\376\377\000D\000i\000s\000c\000u\000s\000s\000i\000o\000n}{}% 20
\BOOKMARK [1][-]{section.4.1}{\376\377\000I\000n\000t\000e\000r\000p\000r\000e\000t\000a\000t\000i\000o\000n}{chapter.4}% 21
\BOOKMARK [0][-]{chapter.5}{\376\377\000C\000o\000n\000c\000l\000u\000s\000i\000o\000n}{}% 22
\BOOKMARK [0][-]{appendix.1.A}{\376\377\000A\000p\000p\000e\000n\000d\000i\000x\000\040\000A}{}% 23
